<?xml version="1.0" encoding="UTF-8"?>
<!-- Generated by org.testng.reporters.JUnitReportReporter -->
<testsuite hostname="WINAA20CC6M3" failures="0" tests="1" name="org.nagra.testScripts.Entel_scripts" time="4.552" errors="0" timestamp="2024-12-12T08:50:58 COT" skipped="0">
  <testcase classname="org.nagra.testScripts.Entel_scripts" name="services_entel" time="4.552"/>
</testsuite> <!-- org.nagra.testScripts.Entel_scripts -->
