<?xml version="1.0" encoding="UTF-8"?>
<!-- Generated by org.testng.reporters.JUnitReportReporter -->
<testsuite hostname="WINAA20CC6M3" failures="0" tests="1" name="org.nagra.testScripts.get_programes" time="0.914" errors="0" timestamp="2024-10-21T17:30:53 COT" skipped="0">
  <testcase classname="org.nagra.testScripts.get_programes" name="programes_entel" time="0.914"/>
</testsuite> <!-- org.nagra.testScripts.get_programes -->
