<?xml version="1.0" encoding="UTF-8"?>
<!-- Generated by org.testng.reporters.JUnitReportReporter -->
<testsuite hostname="WINAA20CC6M3" failures="0" tests="4" name="org.nagra.testScripts.Entel_stripts" time="5.853" errors="0" timestamp="2024-10-21T21:11:37 COT" skipped="0">
  <testcase classname="org.nagra.testScripts.Entel_stripts" name="token_entel" time="2.373"/>
  <testcase classname="org.nagra.testScripts.Entel_stripts" name="services_entel" time="1.552"/>
  <testcase classname="org.nagra.testScripts.Entel_stripts" name="user_capabilities_entel" time="0.521"/>
  <testcase classname="org.nagra.testScripts.Entel_stripts" name="programes_entel" time="1.407"/>
</testsuite> <!-- org.nagra.testScripts.Entel_stripts -->
