<?xml version="1.0" encoding="UTF-8"?>
<!-- Generated by org.testng.reporters.JUnitReportReporter -->
<testsuite hostname="WINAA20CC6M3" failures="0" tests="2" name="org.nagra.testScripts.Entel_scripts" time="6.918" errors="0" timestamp="2024-10-29T10:29:51 COT" skipped="0">
  <testcase classname="org.nagra.testScripts.Entel_scripts" name="token_entel" time="4.308"/>
  <testcase classname="org.nagra.testScripts.Entel_scripts" name="services_entel" time="2.610"/>
</testsuite> <!-- org.nagra.testScripts.Entel_scripts -->
