<?xml version="1.0" encoding="UTF-8"?>
<!-- Generated by org.testng.reporters.JUnitReportReporter -->
<testsuite hostname="WINAA20CC6M3" failures="0" tests="1" name="org.nagra.testScripts.Entel_scripts_2" time="3.157" errors="0" timestamp="2024-11-20T18:35:20 COT" skipped="0">
  <testcase classname="org.nagra.testScripts.Entel_scripts_2" name="services" time="3.157"/>
</testsuite> <!-- org.nagra.testScripts.Entel_scripts_2 -->
