<?xml version="1.0" encoding="UTF-8"?>
<!-- Generated by org.testng.reporters.JUnitReportReporter -->
<testsuite hostname="WINAA20CC6M3" failures="0" tests="1" name="org.nagra.testScripts.Entel_scripts" time="3.487" errors="0" timestamp="2024-11-13T10:50:19 COT" skipped="0">
  <testcase classname="org.nagra.testScripts.Entel_scripts" name="services_entel" time="3.487"/>
</testsuite> <!-- org.nagra.testScripts.Entel_scripts -->
