<?xml version="1.0" encoding="UTF-8"?>
<!-- Generated by org.testng.reporters.JUnitReportReporter -->
<testsuite hostname="WINAA20CC6M3" failures="0" tests="1" name="org.nagra.testScripts.retrieve_token" time="2.495" errors="0" timestamp="2024-12-23T12:39:33 COT" skipped="0">
  <testcase classname="org.nagra.testScripts.retrieve_token" name="token_entel" time="2.495"/>
</testsuite> <!-- org.nagra.testScripts.retrieve_token -->
